<?xml version="1.0" encoding="UTF-8"?>
<!-- Generated by org.testng.reporters.JUnitReportReporter -->
<testsuite hostname="OGIKA02" name="com.google.tests.EmailTest" tests="2" failures="0" timestamp="1 Jul 2018 02:03:28 GMT" time="62.218" errors="0">
  <testcase name="validateSentEmail" time="29.724" classname="com.google.tests.EmailTest"/>
  <testcase name="sendEmail" time="32.494" classname="com.google.tests.EmailTest"/>
</testsuite> <!-- com.google.tests.EmailTest -->
